<?xml version="1.0" encoding="UTF-8"?>
<!-- Generated by org.testng.reporters.JUnitXMLReporter -->
<testsuite ignored="0" hostname="KumarVanga" failures="0" tests="14" name="Test" time="70.642" errors="0" timestamp="2023-06-07T10:34:47 IST">
  <testcase classname="com.tutorialninjaqa.testcases.SearchTest" name="@BeforeMethod setUp" time="21.472">
    <failure type="org.openqa.selenium.TimeoutException" message="timeout: Timed out receiving message from renderer: 17.226
  (Session info: chrome=113.0.5672.129)
Build info: version: &amp;apos;4.8.1&amp;apos;, revision: &amp;apos;8ebccac989&amp;apos;
System info: os.name: &amp;apos;Windows 11&amp;apos;, os.arch: &amp;apos;amd64&amp;apos;, os.version: &amp;apos;10.0&amp;apos;, java.version: &amp;apos;17.0.7&amp;apos;
Driver info: org.openqa.selenium.chrome.ChromeDriver
Command: [79d63cd4b623321f8fddd4b654465876, get {url=http://tutorialsninja.com/demo/}]
Capabilities {acceptInsecureCerts: false, browserName: chrome, browserVersion: 113.0.5672.129, chrome: {chromedriverVersion: 113.0.5672.63 (0e1a4471d5ae..., userDataDir: C:\Users\dell\AppData\Local...}, goog:chromeOptions: {debuggerAddress: localhost:61457}, networkConnectionEnabled: false, pageLoadStrategy: normal, platformName: WINDOWS, proxy: Proxy(), se:cdp: ws://localhost:61457/devtoo..., se:cdpVersion: 113.0.5672.129, setWindowRect: true, strictFileInteractability: false, timeouts: {implicit: 0, pageLoad: 300000, script: 30000}, unhandledPromptBehavior: dismiss and notify, webauthn:extension:credBlob: true, webauthn:extension:largeBlob: true, webauthn:extension:minPinLength: true, webauthn:extension:prf: true, webauthn:virtualAuthenticators: true}
Session ID: 79d63cd4b623321f8fddd4b654465876">
      <![CDATA[org.openqa.selenium.TimeoutException: timeout: Timed out receiving message from renderer: 17.226
  (Session info: chrome=113.0.5672.129)
Build info: version: '4.8.1', revision: '8ebccac989'
System info: os.name: 'Windows 11', os.arch: 'amd64', os.version: '10.0', java.version: '17.0.7'
Driver info: org.openqa.selenium.chrome.ChromeDriver
Command: [79d63cd4b623321f8fddd4b654465876, get {url=http://tutorialsninja.com/demo/}]
Capabilities {acceptInsecureCerts: false, browserName: chrome, browserVersion: 113.0.5672.129, chrome: {chromedriverVersion: 113.0.5672.63 (0e1a4471d5ae..., userDataDir: C:\Users\dell\AppData\Local...}, goog:chromeOptions: {debuggerAddress: localhost:61457}, networkConnectionEnabled: false, pageLoadStrategy: normal, platformName: WINDOWS, proxy: Proxy(), se:cdp: ws://localhost:61457/devtoo..., se:cdpVersion: 113.0.5672.129, setWindowRect: true, strictFileInteractability: false, timeouts: {implicit: 0, pageLoad: 300000, script: 30000}, unhandledPromptBehavior: dismiss and notify, webauthn:extension:credBlob: true, webauthn:extension:largeBlob: true, webauthn:extension:minPinLength: true, webauthn:extension:prf: true, webauthn:virtualAuthenticators: true}
Session ID: 79d63cd4b623321f8fddd4b654465876
at org.openqa.selenium.remote.codec.w3c.W3CHttpResponseCodec.createException(W3CHttpResponseCodec.java:200)
at org.openqa.selenium.remote.codec.w3c.W3CHttpResponseCodec.decode(W3CHttpResponseCodec.java:133)
at org.openqa.selenium.remote.codec.w3c.W3CHttpResponseCodec.decode(W3CHttpResponseCodec.java:53)
at org.openqa.selenium.remote.HttpCommandExecutor.execute(HttpCommandExecutor.java:184)
at org.openqa.selenium.remote.service.DriverCommandExecutor.invokeExecute(DriverCommandExecutor.java:167)
at org.openqa.selenium.remote.service.DriverCommandExecutor.execute(DriverCommandExecutor.java:142)
at org.openqa.selenium.remote.RemoteWebDriver.execute(RemoteWebDriver.java:543)
at org.openqa.selenium.remote.RemoteWebDriver.get(RemoteWebDriver.java:297)
at com.tutorialsNinja.qa.base.Base.initializeBrowserAndOpenApplicationURL(Base.java:75)
at com.tutorialninjaqa.testcases.SearchTest.setUp(SearchTest.java:25)
at java.base/java.util.ArrayList.forEach(ArrayList.java:1511)
... Removed 40 stack frames]]>
    </failure>
  </testcase> <!-- @BeforeMethod setUp -->
  <testcase classname="com.tutorialninjaqa.testcases.SearchTest" name="@AfterMethod tearDown" time="0.0">
    <skipped/>
  </testcase> <!-- @AfterMethod tearDown -->
  <testcase classname="com.tutorialninjaqa.testcases.SearchTest" name="@BeforeMethod setUp" time="0.0">
    <skipped/>
  </testcase> <!-- @BeforeMethod setUp -->
  <testcase classname="com.tutorialninjaqa.testcases.SearchTest" name="@AfterMethod tearDown" time="0.0">
    <skipped/>
  </testcase> <!-- @AfterMethod tearDown -->
  <testcase classname="com.tutorialninjaqa.testcases.SearchTest" name="@BeforeMethod setUp" time="0.0">
    <skipped/>
  </testcase> <!-- @BeforeMethod setUp -->
  <testcase classname="com.tutorialninjaqa.testcases.SearchTest" name="@AfterMethod tearDown" time="0.0">
    <skipped/>
  </testcase> <!-- @AfterMethod tearDown -->
  <testcase classname="com.tutorialninjaqa.testcases.RegisterTest" name="verifyRegisteringAnAccountWithMandatoryFields" time="1.646"/>
  <testcase classname="com.tutorialninjaqa.testcases.RegisterTest" name="verifyRegisteringAccountByProvidingAllFields" time="1.662"/>
  <testcase classname="com.tutorialninjaqa.testcases.RegisterTest" name="VerifyRegisteringAccountDetailsWithExistingEmailAddress" time="1.431"/>
  <testcase classname="com.tutorialninjaqa.testcases.RegisterTest" name="VerifyRegisteringAccountWithoutFillingAnyDetails" time="0.595"/>
  <testcase classname="com.tutorialninjaqa.testcases.LoginTest" name="verifyLoginWithValidCredentials" time="0.854"/>
  <testcase classname="com.tutorialninjaqa.testcases.LoginTest" name="verifyLoginWithValidCredentials" time="0.905"/>
  <testcase classname="com.tutorialninjaqa.testcases.LoginTest" name="verifyLoginWithValidCredentials" time="0.895"/>
  <testcase classname="com.tutorialninjaqa.testcases.LoginTest" name="verifyLoginWithInValidCredentials" time="0.877"/>
  <testcase classname="com.tutorialninjaqa.testcases.LoginTest" name="verifyLoginWithInValidEmailAndValidPassword" time="0.851"/>
  <testcase classname="com.tutorialninjaqa.testcases.LoginTest" name="verifyLoginWithValidEmailAndInValidPassword" time="0.802"/>
  <testcase classname="com.tutorialninjaqa.testcases.LoginTest" name="verifyLoginWithOutProvidingCredentials" time="0.467"/>
  <testcase classname="com.tutorialninjaqa.testcases.SearchTest" name="verifySearchWithValidProduct" time="0.0">
    <skipped/>
  </testcase> <!-- verifySearchWithValidProduct -->
  <testcase classname="com.tutorialninjaqa.testcases.SearchTest" name="verifySearchWithInValidProduct" time="0.0">
    <skipped/>
  </testcase> <!-- verifySearchWithInValidProduct -->
  <testcase classname="com.tutorialninjaqa.testcases.SearchTest" name="verifySearchingWithOutAnyProduct" time="0.0">
    <skipped/>
  </testcase> <!-- verifySearchingWithOutAnyProduct -->
</testsuite> <!-- Test -->
