<?xml version="1.0" encoding="UTF-8"?>
<testng-results ignored="0" total="14" passed="13" failed="1" skipped="0">
  <reporter-output>
  </reporter-output>
  <suite started-at="2023-06-05T11:37:25 IST" name="Suite" finished-at="2023-06-05T11:38:56 IST" duration-ms="90743">
    <groups>
    </groups>
    <test started-at="2023-06-05T11:37:25 IST" name="Test" finished-at="2023-06-05T11:38:56 IST" duration-ms="90743">
      <class name="com.tutorialninjaqa.testcases.LoginTest">
        <test-method is-config="true" signature="setUp()[pri:0, instance:com.tutorialninjaqa.testcases.LoginTest@75d3a5e0]" started-at="2023-06-05T11:37:58 IST" name="setUp" finished-at="2023-06-05T11:38:01 IST" duration-ms="2793" status="PASS">
          <reporter-output>
          </reporter-output>
        </test-method> <!-- setUp -->
        <test-method signature="verifyLoginWithValidCredentials(java.lang.String,java.lang.String)[pri:1, instance:com.tutorialninjaqa.testcases.LoginTest@75d3a5e0]" started-at="2023-06-05T11:38:01 IST" name="verifyLoginWithValidCredentials" data-provider="validCredentialsSupplier" finished-at="2023-06-05T11:38:22 IST" duration-ms="20823" status="FAIL">
          <params>
            <param index="0">
              <value>
                <![CDATA[amotooricap9@gmail.com]]>
              </value>
            </param>
            <param index="1">
              <value>
                <![CDATA[12345]]>
              </value>
            </param>
          </params>
          <exception class="org.openqa.selenium.NoSuchElementException">
            <message>
              <![CDATA[no such element: Unable to locate element: {"method":"link text","selector":"Edit your account information"}
  (Session info: chrome=113.0.5672.129)
For documentation on this error, please visit: https://selenium.dev/exceptions/#no_such_element
Build info: version: '4.8.1', revision: '8ebccac989'
System info: os.name: 'Windows 11', os.arch: 'amd64', os.version: '10.0', java.version: '17.0.6'
Driver info: org.openqa.selenium.chrome.ChromeDriver
Command: [d80fb03550ce8aabce9b619dad77ed84, findElement {using=link text, value=Edit your account information}]
Capabilities {acceptInsecureCerts: false, browserName: chrome, browserVersion: 113.0.5672.129, chrome: {chromedriverVersion: 113.0.5672.63 (0e1a4471d5ae..., userDataDir: C:\Users\dell\AppData\Local...}, goog:chromeOptions: {debuggerAddress: localhost:63511}, networkConnectionEnabled: false, pageLoadStrategy: normal, platformName: WINDOWS, proxy: Proxy(), se:cdp: ws://localhost:63511/devtoo..., se:cdpVersion: 113.0.5672.129, setWindowRect: true, strictFileInteractability: false, timeouts: {implicit: 0, pageLoad: 300000, script: 30000}, unhandledPromptBehavior: dismiss and notify, webauthn:extension:credBlob: true, webauthn:extension:largeBlob: true, webauthn:extension:minPinLength: true, webauthn:extension:prf: true, webauthn:virtualAuthenticators: true}
Session ID: d80fb03550ce8aabce9b619dad77ed84]]>
            </message>
            <full-stacktrace>
              <![CDATA[org.openqa.selenium.NoSuchElementException: no such element: Unable to locate element: {"method":"link text","selector":"Edit your account information"}
  (Session info: chrome=113.0.5672.129)
For documentation on this error, please visit: https://selenium.dev/exceptions/#no_such_element
Build info: version: '4.8.1', revision: '8ebccac989'
System info: os.name: 'Windows 11', os.arch: 'amd64', os.version: '10.0', java.version: '17.0.6'
Driver info: org.openqa.selenium.chrome.ChromeDriver
Command: [d80fb03550ce8aabce9b619dad77ed84, findElement {using=link text, value=Edit your account information}]
Capabilities {acceptInsecureCerts: false, browserName: chrome, browserVersion: 113.0.5672.129, chrome: {chromedriverVersion: 113.0.5672.63 (0e1a4471d5ae..., userDataDir: C:\Users\dell\AppData\Local...}, goog:chromeOptions: {debuggerAddress: localhost:63511}, networkConnectionEnabled: false, pageLoadStrategy: normal, platformName: WINDOWS, proxy: Proxy(), se:cdp: ws://localhost:63511/devtoo..., se:cdpVersion: 113.0.5672.129, setWindowRect: true, strictFileInteractability: false, timeouts: {implicit: 0, pageLoad: 300000, script: 30000}, unhandledPromptBehavior: dismiss and notify, webauthn:extension:credBlob: true, webauthn:extension:largeBlob: true, webauthn:extension:minPinLength: true, webauthn:extension:prf: true, webauthn:virtualAuthenticators: true}
Session ID: d80fb03550ce8aabce9b619dad77ed84
at java.base/jdk.internal.reflect.NativeConstructorAccessorImpl.newInstance0(Native Method)
at java.base/jdk.internal.reflect.NativeConstructorAccessorImpl.newInstance(NativeConstructorAccessorImpl.java:77)
at java.base/jdk.internal.reflect.DelegatingConstructorAccessorImpl.newInstance(DelegatingConstructorAccessorImpl.java:45)
at java.base/java.lang.reflect.Constructor.newInstanceWithCaller(Constructor.java:499)
at java.base/java.lang.reflect.Constructor.newInstance(Constructor.java:480)
at org.openqa.selenium.remote.codec.w3c.W3CHttpResponseCodec.createException(W3CHttpResponseCodec.java:200)
at org.openqa.selenium.remote.codec.w3c.W3CHttpResponseCodec.decode(W3CHttpResponseCodec.java:133)
at org.openqa.selenium.remote.codec.w3c.W3CHttpResponseCodec.decode(W3CHttpResponseCodec.java:53)
at org.openqa.selenium.remote.HttpCommandExecutor.execute(HttpCommandExecutor.java:184)
at org.openqa.selenium.remote.service.DriverCommandExecutor.invokeExecute(DriverCommandExecutor.java:167)
at org.openqa.selenium.remote.service.DriverCommandExecutor.execute(DriverCommandExecutor.java:142)
at org.openqa.selenium.remote.RemoteWebDriver.execute(RemoteWebDriver.java:543)
at org.openqa.selenium.remote.ElementLocation$ElementFinder$2.findElement(ElementLocation.java:162)
at org.openqa.selenium.remote.ElementLocation.findElement(ElementLocation.java:60)
at org.openqa.selenium.remote.RemoteWebDriver.findElement(RemoteWebDriver.java:352)
at org.openqa.selenium.remote.RemoteWebDriver.findElement(RemoteWebDriver.java:344)
at com.tutorialninjaqa.testcases.LoginTest.verifyLoginWithValidCredentials(LoginTest.java:45)
at java.base/jdk.internal.reflect.NativeMethodAccessorImpl.invoke0(Native Method)
at java.base/jdk.internal.reflect.NativeMethodAccessorImpl.invoke(NativeMethodAccessorImpl.java:77)
at java.base/jdk.internal.reflect.DelegatingMethodAccessorImpl.invoke(DelegatingMethodAccessorImpl.java:43)
at java.base/java.lang.reflect.Method.invoke(Method.java:568)
at org.testng.internal.invokers.MethodInvocationHelper.invokeMethod(MethodInvocationHelper.java:139)
at org.testng.internal.invokers.TestInvoker.invokeMethod(TestInvoker.java:677)
at org.testng.internal.invokers.TestInvoker.invokeTestMethod(TestInvoker.java:221)
at org.testng.internal.invokers.MethodRunner.runInSequence(MethodRunner.java:50)
at org.testng.internal.invokers.TestInvoker$MethodInvocationAgent.invoke(TestInvoker.java:962)
at org.testng.internal.invokers.TestInvoker.invokeTestMethods(TestInvoker.java:194)
at org.testng.internal.invokers.TestMethodWorker.invokeTestMethods(TestMethodWorker.java:148)
at org.testng.internal.invokers.TestMethodWorker.run(TestMethodWorker.java:128)
at java.base/java.util.ArrayList.forEach(ArrayList.java:1511)
at org.testng.TestRunner.privateRun(TestRunner.java:806)
at org.testng.TestRunner.run(TestRunner.java:601)
at org.testng.SuiteRunner.runTest(SuiteRunner.java:433)
at org.testng.SuiteRunner.runSequentially(SuiteRunner.java:427)
at org.testng.SuiteRunner.privateRun(SuiteRunner.java:387)
at org.testng.SuiteRunner.run(SuiteRunner.java:330)
at org.testng.SuiteRunnerWorker.runSuite(SuiteRunnerWorker.java:52)
at org.testng.SuiteRunnerWorker.run(SuiteRunnerWorker.java:95)
at org.testng.TestNG.runSuitesSequentially(TestNG.java:1256)
at org.testng.TestNG.runSuitesLocally(TestNG.java:1176)
at org.testng.TestNG.runSuites(TestNG.java:1099)
at org.testng.TestNG.run(TestNG.java:1067)
at org.apache.maven.surefire.testng.TestNGExecutor.run(TestNGExecutor.java:308)
at org.apache.maven.surefire.testng.TestNGXmlTestSuite.execute(TestNGXmlTestSuite.java:71)
at org.apache.maven.surefire.testng.TestNGProvider.invoke(TestNGProvider.java:113)
at org.apache.maven.surefire.booter.ForkedBooter.runSuitesInProcess(ForkedBooter.java:385)
at org.apache.maven.surefire.booter.ForkedBooter.execute(ForkedBooter.java:162)
at org.apache.maven.surefire.booter.ForkedBooter.run(ForkedBooter.java:507)
at org.apache.maven.surefire.booter.ForkedBooter.main(ForkedBooter.java:495)
]]>
            </full-stacktrace>
          </exception> <!-- org.openqa.selenium.NoSuchElementException -->
          <reporter-output>
          </reporter-output>
        </test-method> <!-- verifyLoginWithValidCredentials -->
        <test-method is-config="true" signature="tearDown()[pri:0, instance:com.tutorialninjaqa.testcases.LoginTest@75d3a5e0]" started-at="2023-06-05T11:38:22 IST" name="tearDown" finished-at="2023-06-05T11:38:22 IST" duration-ms="352" status="PASS">
          <reporter-output>
          </reporter-output>
        </test-method> <!-- tearDown -->
        <test-method is-config="true" signature="setUp()[pri:0, instance:com.tutorialninjaqa.testcases.LoginTest@75d3a5e0]" started-at="2023-06-05T11:38:22 IST" name="setUp" finished-at="2023-06-05T11:38:25 IST" duration-ms="3153" status="PASS">
          <reporter-output>
          </reporter-output>
        </test-method> <!-- setUp -->
        <test-method signature="verifyLoginWithValidCredentials(java.lang.String,java.lang.String)[pri:1, instance:com.tutorialninjaqa.testcases.LoginTest@75d3a5e0]" started-at="2023-06-05T11:38:25 IST" name="verifyLoginWithValidCredentials" data-provider="validCredentialsSupplier" finished-at="2023-06-05T11:38:26 IST" duration-ms="820" status="PASS">
          <params>
            <param index="0">
              <value>
                <![CDATA[amotooricap1@gmail.com]]>
              </value>
            </param>
            <param index="1">
              <value>
                <![CDATA[12345]]>
              </value>
            </param>
          </params>
          <reporter-output>
          </reporter-output>
        </test-method> <!-- verifyLoginWithValidCredentials -->
        <test-method is-config="true" signature="tearDown()[pri:0, instance:com.tutorialninjaqa.testcases.LoginTest@75d3a5e0]" started-at="2023-06-05T11:38:26 IST" name="tearDown" finished-at="2023-06-05T11:38:27 IST" duration-ms="340" status="PASS">
          <reporter-output>
          </reporter-output>
        </test-method> <!-- tearDown -->
        <test-method is-config="true" signature="setUp()[pri:0, instance:com.tutorialninjaqa.testcases.LoginTest@75d3a5e0]" started-at="2023-06-05T11:38:27 IST" name="setUp" finished-at="2023-06-05T11:38:29 IST" duration-ms="2725" status="PASS">
          <reporter-output>
          </reporter-output>
        </test-method> <!-- setUp -->
        <test-method signature="verifyLoginWithValidCredentials(java.lang.String,java.lang.String)[pri:1, instance:com.tutorialninjaqa.testcases.LoginTest@75d3a5e0]" started-at="2023-06-05T11:38:29 IST" name="verifyLoginWithValidCredentials" data-provider="validCredentialsSupplier" finished-at="2023-06-05T11:38:30 IST" duration-ms="900" status="PASS">
          <params>
            <param index="0">
              <value>
                <![CDATA[amotooricap3@gmail.com]]>
              </value>
            </param>
            <param index="1">
              <value>
                <![CDATA[12345]]>
              </value>
            </param>
          </params>
          <reporter-output>
          </reporter-output>
        </test-method> <!-- verifyLoginWithValidCredentials -->
        <test-method is-config="true" signature="tearDown()[pri:0, instance:com.tutorialninjaqa.testcases.LoginTest@75d3a5e0]" started-at="2023-06-05T11:38:30 IST" name="tearDown" finished-at="2023-06-05T11:38:31 IST" duration-ms="386" status="PASS">
          <reporter-output>
          </reporter-output>
        </test-method> <!-- tearDown -->
        <test-method is-config="true" signature="setUp()[pri:0, instance:com.tutorialninjaqa.testcases.LoginTest@75d3a5e0]" started-at="2023-06-05T11:38:31 IST" name="setUp" finished-at="2023-06-05T11:38:33 IST" duration-ms="2899" status="PASS">
          <reporter-output>
          </reporter-output>
        </test-method> <!-- setUp -->
        <test-method signature="verifyLoginWithInValidCredentials()[pri:2, instance:com.tutorialninjaqa.testcases.LoginTest@75d3a5e0]" started-at="2023-06-05T11:38:33 IST" name="verifyLoginWithInValidCredentials" finished-at="2023-06-05T11:38:34 IST" duration-ms="913" status="PASS">
          <reporter-output>
          </reporter-output>
        </test-method> <!-- verifyLoginWithInValidCredentials -->
        <test-method is-config="true" signature="tearDown()[pri:0, instance:com.tutorialninjaqa.testcases.LoginTest@75d3a5e0]" started-at="2023-06-05T11:38:34 IST" name="tearDown" finished-at="2023-06-05T11:38:35 IST" duration-ms="342" status="PASS">
          <reporter-output>
          </reporter-output>
        </test-method> <!-- tearDown -->
        <test-method is-config="true" signature="setUp()[pri:0, instance:com.tutorialninjaqa.testcases.LoginTest@75d3a5e0]" started-at="2023-06-05T11:38:35 IST" name="setUp" finished-at="2023-06-05T11:38:37 IST" duration-ms="2717" status="PASS">
          <reporter-output>
          </reporter-output>
        </test-method> <!-- setUp -->
        <test-method signature="verifyLoginWithInValidEmailAndValidPassword()[pri:3, instance:com.tutorialninjaqa.testcases.LoginTest@75d3a5e0]" started-at="2023-06-05T11:38:37 IST" name="verifyLoginWithInValidEmailAndValidPassword" finished-at="2023-06-05T11:38:38 IST" duration-ms="855" status="PASS">
          <reporter-output>
          </reporter-output>
        </test-method> <!-- verifyLoginWithInValidEmailAndValidPassword -->
        <test-method is-config="true" signature="tearDown()[pri:0, instance:com.tutorialninjaqa.testcases.LoginTest@75d3a5e0]" started-at="2023-06-05T11:38:38 IST" name="tearDown" finished-at="2023-06-05T11:38:39 IST" duration-ms="329" status="PASS">
          <reporter-output>
          </reporter-output>
        </test-method> <!-- tearDown -->
        <test-method is-config="true" signature="setUp()[pri:0, instance:com.tutorialninjaqa.testcases.LoginTest@75d3a5e0]" started-at="2023-06-05T11:38:39 IST" name="setUp" finished-at="2023-06-05T11:38:41 IST" duration-ms="2681" status="PASS">
          <reporter-output>
          </reporter-output>
        </test-method> <!-- setUp -->
        <test-method signature="verifyLoginWithValidEmailAndInValidPassword()[pri:4, instance:com.tutorialninjaqa.testcases.LoginTest@75d3a5e0]" started-at="2023-06-05T11:38:41 IST" name="verifyLoginWithValidEmailAndInValidPassword" finished-at="2023-06-05T11:38:42 IST" duration-ms="779" status="PASS">
          <reporter-output>
          </reporter-output>
        </test-method> <!-- verifyLoginWithValidEmailAndInValidPassword -->
        <test-method is-config="true" signature="tearDown()[pri:0, instance:com.tutorialninjaqa.testcases.LoginTest@75d3a5e0]" started-at="2023-06-05T11:38:42 IST" name="tearDown" finished-at="2023-06-05T11:38:42 IST" duration-ms="314" status="PASS">
          <reporter-output>
          </reporter-output>
        </test-method> <!-- tearDown -->
        <test-method is-config="true" signature="setUp()[pri:0, instance:com.tutorialninjaqa.testcases.LoginTest@75d3a5e0]" started-at="2023-06-05T11:38:42 IST" name="setUp" finished-at="2023-06-05T11:38:45 IST" duration-ms="2917" status="PASS">
          <reporter-output>
          </reporter-output>
        </test-method> <!-- setUp -->
        <test-method signature="verifyLoginWithOutProvidingCredentials()[pri:5, instance:com.tutorialninjaqa.testcases.LoginTest@75d3a5e0]" started-at="2023-06-05T11:38:45 IST" name="verifyLoginWithOutProvidingCredentials" finished-at="2023-06-05T11:38:46 IST" duration-ms="419" status="PASS">
          <reporter-output>
          </reporter-output>
        </test-method> <!-- verifyLoginWithOutProvidingCredentials -->
        <test-method is-config="true" signature="tearDown()[pri:0, instance:com.tutorialninjaqa.testcases.LoginTest@75d3a5e0]" started-at="2023-06-05T11:38:46 IST" name="tearDown" finished-at="2023-06-05T11:38:46 IST" duration-ms="358" status="PASS">
          <reporter-output>
          </reporter-output>
        </test-method> <!-- tearDown -->
      </class> <!-- com.tutorialninjaqa.testcases.LoginTest -->
      <class name="com.tutorialninjaqa.testcases.SearchTest">
        <test-method is-config="true" signature="setUp()[pri:0, instance:com.tutorialninjaqa.testcases.SearchTest@74d1dc36]" started-at="2023-06-05T11:38:46 IST" name="setUp" finished-at="2023-06-05T11:38:48 IST" duration-ms="2311" status="PASS">
          <reporter-output>
          </reporter-output>
        </test-method> <!-- setUp -->
        <test-method signature="verifySearchWithValidProduct()[pri:1, instance:com.tutorialninjaqa.testcases.SearchTest@74d1dc36]" started-at="2023-06-05T11:38:48 IST" name="verifySearchWithValidProduct" finished-at="2023-06-05T11:38:49 IST" duration-ms="530" status="PASS">
          <reporter-output>
          </reporter-output>
        </test-method> <!-- verifySearchWithValidProduct -->
        <test-method is-config="true" signature="tearDown()[pri:0, instance:com.tutorialninjaqa.testcases.SearchTest@74d1dc36]" started-at="2023-06-05T11:38:49 IST" name="tearDown" finished-at="2023-06-05T11:38:49 IST" duration-ms="440" status="PASS">
          <reporter-output>
          </reporter-output>
        </test-method> <!-- tearDown -->
        <test-method is-config="true" signature="setUp()[pri:0, instance:com.tutorialninjaqa.testcases.SearchTest@74d1dc36]" started-at="2023-06-05T11:38:49 IST" name="setUp" finished-at="2023-06-05T11:38:52 IST" duration-ms="2311" status="PASS">
          <reporter-output>
          </reporter-output>
        </test-method> <!-- setUp -->
        <test-method signature="verifySearchWithInValidProduct()[pri:2, instance:com.tutorialninjaqa.testcases.SearchTest@74d1dc36]" started-at="2023-06-05T11:38:52 IST" name="verifySearchWithInValidProduct" finished-at="2023-06-05T11:38:52 IST" duration-ms="466" status="PASS">
          <reporter-output>
          </reporter-output>
        </test-method> <!-- verifySearchWithInValidProduct -->
        <test-method is-config="true" signature="tearDown()[pri:0, instance:com.tutorialninjaqa.testcases.SearchTest@74d1dc36]" started-at="2023-06-05T11:38:52 IST" name="tearDown" finished-at="2023-06-05T11:38:53 IST" duration-ms="372" status="PASS">
          <reporter-output>
          </reporter-output>
        </test-method> <!-- tearDown -->
        <test-method is-config="true" signature="setUp()[pri:0, instance:com.tutorialninjaqa.testcases.SearchTest@74d1dc36]" started-at="2023-06-05T11:38:53 IST" name="setUp" finished-at="2023-06-05T11:38:55 IST" duration-ms="2389" status="PASS">
          <reporter-output>
          </reporter-output>
        </test-method> <!-- setUp -->
        <test-method signature="verifySearchingWithOutAnyProduct()[pri:3, instance:com.tutorialninjaqa.testcases.SearchTest@74d1dc36]" started-at="2023-06-05T11:38:55 IST" name="verifySearchingWithOutAnyProduct" finished-at="2023-06-05T11:38:55 IST" duration-ms="461" status="PASS">
          <reporter-output>
          </reporter-output>
        </test-method> <!-- verifySearchingWithOutAnyProduct -->
        <test-method is-config="true" signature="tearDown()[pri:0, instance:com.tutorialninjaqa.testcases.SearchTest@74d1dc36]" started-at="2023-06-05T11:38:55 IST" name="tearDown" finished-at="2023-06-05T11:38:56 IST" duration-ms="370" status="PASS">
          <reporter-output>
          </reporter-output>
        </test-method> <!-- tearDown -->
      </class> <!-- com.tutorialninjaqa.testcases.SearchTest -->
      <class name="com.tutorialninjaqa.testcases.RegisterTest">
        <test-method is-config="true" signature="Setup()[pri:0, instance:com.tutorialninjaqa.testcases.RegisterTest@3c77d488]" started-at="2023-06-05T11:37:25 IST" name="Setup" finished-at="2023-06-05T11:37:39 IST" duration-ms="14064" status="PASS">
          <reporter-output>
          </reporter-output>
        </test-method> <!-- Setup -->
        <test-method signature="verifyRegisteringAnAccountWithMandatoryFields()[pri:1, instance:com.tutorialninjaqa.testcases.RegisterTest@3c77d488]" started-at="2023-06-05T11:37:39 IST" name="verifyRegisteringAnAccountWithMandatoryFields" finished-at="2023-06-05T11:37:41 IST" duration-ms="1675" status="PASS">
          <reporter-output>
          </reporter-output>
        </test-method> <!-- verifyRegisteringAnAccountWithMandatoryFields -->
        <test-method is-config="true" signature="tearDown()[pri:0, instance:com.tutorialninjaqa.testcases.RegisterTest@3c77d488]" started-at="2023-06-05T11:37:41 IST" name="tearDown" finished-at="2023-06-05T11:37:41 IST" duration-ms="432" status="PASS">
          <reporter-output>
          </reporter-output>
        </test-method> <!-- tearDown -->
        <test-method is-config="true" signature="Setup()[pri:0, instance:com.tutorialninjaqa.testcases.RegisterTest@3c77d488]" started-at="2023-06-05T11:37:41 IST" name="Setup" finished-at="2023-06-05T11:37:44 IST" duration-ms="3000" status="PASS">
          <reporter-output>
          </reporter-output>
        </test-method> <!-- Setup -->
        <test-method signature="verifyRegisteringAccountByProvidingAllFields()[pri:2, instance:com.tutorialninjaqa.testcases.RegisterTest@3c77d488]" started-at="2023-06-05T11:37:44 IST" name="verifyRegisteringAccountByProvidingAllFields" finished-at="2023-06-05T11:37:46 IST" duration-ms="1634" status="PASS">
          <reporter-output>
          </reporter-output>
        </test-method> <!-- verifyRegisteringAccountByProvidingAllFields -->
        <test-method is-config="true" signature="tearDown()[pri:0, instance:com.tutorialninjaqa.testcases.RegisterTest@3c77d488]" started-at="2023-06-05T11:37:46 IST" name="tearDown" finished-at="2023-06-05T11:37:47 IST" duration-ms="554" status="PASS">
          <reporter-output>
          </reporter-output>
        </test-method> <!-- tearDown -->
        <test-method is-config="true" signature="Setup()[pri:0, instance:com.tutorialninjaqa.testcases.RegisterTest@3c77d488]" started-at="2023-06-05T11:37:47 IST" name="Setup" finished-at="2023-06-05T11:37:49 IST" duration-ms="2926" status="PASS">
          <reporter-output>
          </reporter-output>
        </test-method> <!-- Setup -->
        <test-method signature="VerifyRegisteringAccountDetailsWithExistingEmailAddress()[pri:3, instance:com.tutorialninjaqa.testcases.RegisterTest@3c77d488]" started-at="2023-06-05T11:37:49 IST" name="VerifyRegisteringAccountDetailsWithExistingEmailAddress" finished-at="2023-06-05T11:37:51 IST" duration-ms="1526" status="PASS">
          <reporter-output>
          </reporter-output>
        </test-method> <!-- VerifyRegisteringAccountDetailsWithExistingEmailAddress -->
        <test-method is-config="true" signature="tearDown()[pri:0, instance:com.tutorialninjaqa.testcases.RegisterTest@3c77d488]" started-at="2023-06-05T11:37:51 IST" name="tearDown" finished-at="2023-06-05T11:37:51 IST" duration-ms="362" status="PASS">
          <reporter-output>
          </reporter-output>
        </test-method> <!-- tearDown -->
        <test-method is-config="true" signature="Setup()[pri:0, instance:com.tutorialninjaqa.testcases.RegisterTest@3c77d488]" started-at="2023-06-05T11:37:51 IST" name="Setup" finished-at="2023-06-05T11:37:54 IST" duration-ms="3057" status="PASS">
          <reporter-output>
          </reporter-output>
        </test-method> <!-- Setup -->
        <test-method signature="VerifyRegisteringAccountWithoutFillingAnyDetails()[pri:4, instance:com.tutorialninjaqa.testcases.RegisterTest@3c77d488]" started-at="2023-06-05T11:37:54 IST" name="VerifyRegisteringAccountWithoutFillingAnyDetails" finished-at="2023-06-05T11:37:55 IST" duration-ms="585" status="PASS">
          <reporter-output>
          </reporter-output>
        </test-method> <!-- VerifyRegisteringAccountWithoutFillingAnyDetails -->
        <test-method is-config="true" signature="tearDown()[pri:0, instance:com.tutorialninjaqa.testcases.RegisterTest@3c77d488]" started-at="2023-06-05T11:37:55 IST" name="tearDown" finished-at="2023-06-05T11:37:55 IST" duration-ms="403" status="PASS">
          <reporter-output>
          </reporter-output>
        </test-method> <!-- tearDown -->
      </class> <!-- com.tutorialninjaqa.testcases.RegisterTest -->
    </test> <!-- Test -->
  </suite> <!-- Suite -->
</testng-results>
